#
# There is insufficient memory for the Java Runtime Environment to continue.
# Native memory allocation (malloc) failed to allocate 400736 bytes for Chunk::new
# Possible reasons:
#   The system is out of physical RAM or swap space
#   In 32 bit mode, the process size limit was hit
# Possible solutions:
#   Reduce memory load on the system
#   Increase physical memory or swap space
#   Check if swap backing store is full
#   Use 64 bit Java on a 64 bit OS
#   Decrease Java heap size (-Xmx/-Xms)
#   Decrease number of Java threads
#   Decrease Java thread stack sizes (-Xss)
#   Set larger code cache with -XX:ReservedCodeCacheSize=
# This output file may be truncated or incomplete.
#
#  Out of Memory Error (allocation.cpp:390), pid=14208, tid=3296
#
# JRE version: Java(TM) SE Runtime Environment (8.0_65-b17) (build 1.8.0_65-b17)
# Java VM: Java HotSpot(TM) 64-Bit Server VM (25.65-b01 mixed mode windows-amd64 compressed oops)
# Failed to write core dump. Minidumps are not enabled by default on client versions of Windows
#

---------------  T H R E A D  ---------------

Current thread (0x0000000016e91800):  JavaThread "C2 CompilerThread1" daemon [_thread_in_native, id=3296, stack(0x00000000185d0000,0x00000000186d0000)]

Stack: [0x00000000185d0000,0x00000000186d0000]
[error occurred during error reporting (printing stack bounds), id 0xc0000005]

Native frames: (J=compiled Java code, j=interpreted, Vv=VM code, C=native code)


Current CompileTask:
C2:   7495 1168   !   4       java.net.URL::<init> (543 bytes)


---------------  P R O C E S S  ---------------

Java Threads: ( => current thread )
  0x0000000018fa3800 JavaThread "Exec Stream Pumper" daemon [_thread_in_native, id=8604, stack(0x000000001a210000,0x000000001a310000)]
  0x00000000192d7800 JavaThread "Exec Stream Pumper" daemon [_thread_in_native, id=7052, stack(0x000000001a110000,0x000000001a210000)]
  0x00000000192d7000 JavaThread "Exec Default Executor" daemon [_thread_in_native, id=12720, stack(0x000000001a010000,0x000000001a110000)]
  0x0000000018e83800 JavaThread "ReaderThread" [_thread_in_native, id=8804, stack(0x0000000019910000,0x0000000019a10000)]
  0x00000000187f0800 JavaThread "Service Thread" daemon [_thread_blocked, id=7276, stack(0x0000000018bd0000,0x0000000018cd0000)]
  0x0000000016e98800 JavaThread "C1 CompilerThread2" daemon [_thread_blocked, id=12300, stack(0x00000000186d0000,0x00000000187d0000)]
=>0x0000000016e91800 JavaThread "C2 CompilerThread1" daemon [_thread_in_native, id=3296, stack(0x00000000185d0000,0x00000000186d0000)]
  0x0000000016e8f000 JavaThread "C2 CompilerThread0" daemon [_thread_blocked, id=4944, stack(0x00000000184d0000,0x00000000185d0000)]
  0x0000000016e8d800 JavaThread "Attach Listener" daemon [_thread_blocked, id=12320, stack(0x00000000183d0000,0x00000000184d0000)]
  0x0000000016e8c000 JavaThread "Signal Dispatcher" daemon [_thread_blocked, id=12324, stack(0x00000000182d0000,0x00000000183d0000)]
  0x0000000002359000 JavaThread "Finalizer" daemon [_thread_blocked, id=13712, stack(0x00000000180f0000,0x00000000181f0000)]
  0x000000000234f800 JavaThread "Reference Handler" daemon [_thread_blocked, id=11068, stack(0x0000000017ff0000,0x00000000180f0000)]
  0x0000000002262800 JavaThread "Forwarding newSession on session null to remote" [_thread_in_native, id=4736, stack(0x0000000002160000,0x0000000002260000)]

Other Threads:
  0x0000000016e58000 VMThread [stack: 0x0000000017ef0000,0x0000000017ff0000] [id=12560]
  0x0000000018820800 WatcherThread [stack: 0x0000000018cd0000,0x0000000018dd0000] [id=12960]

VM state:not at safepoint (normal execution)

VM Mutex/Monitor currently owned by a thread:  ([mutex/lock_event])
[0x000000000215df60] SymbolTable_lock - owner thread: 0x0000000002262800

Heap:
 PSYoungGen      total 38400K, used 21216K [0x00000000d5f00000, 0x00000000d8980000, 0x0000000100000000)
  eden space 33280K, 48% used [0x00000000d5f00000,0x00000000d6ebe7e0,0x00000000d7f80000)
  from space 5120K, 99% used [0x00000000d7f80000,0x00000000d8479ba0,0x00000000d8480000)
  to   space 5120K, 0% used [0x00000000d8480000,0x00000000d8480000,0x00000000d8980000)
 ParOldGen       total 87552K, used 935K [0x0000000081c00000, 0x0000000087180000, 0x00000000d5f00000)
  object space 87552K, 1% used [0x0000000081c00000,0x0000000081ce9c08,0x0000000087180000)
 Metaspace       used 15808K, capacity 16046K, committed 16384K, reserved 1062912K
  class space    used 1952K, capacity 2028K, committed 2048K, reserved 1048576K

Card table byte_map: [0x0000000011720000,0x0000000011b20000] byte_map_base: 0x0000000011312000

Marking Bits: (ParMarkBitMap*) 0x000000005ca8a5b0
 Begin Bits: [0x00000000121d0000, 0x0000000014160000)
 End Bits:   [0x0000000014160000, 0x00000000160f0000)

Polling page: 0x0000000000420000

CodeCache: size=245760Kb used=3971Kb max_used=3979Kb free=241788Kb
 bounds [0x0000000002360000, 0x0000000002750000, 0x0000000011360000]
 total_blobs=1542 nmethods=1170 adapters=285
 compilation: enabled

Compilation events (10 events):
Event: 7.426 Thread 0x0000000016e98800 nmethod 1166 0x0000000002741490 code [0x00000000027416e0, 0x0000000002742378]
Event: 7.426 Thread 0x0000000016e98800 1167       3       java.util.ArrayList::toArray (60 bytes)
Event: 7.426 Thread 0x0000000016e98800 nmethod 1167 0x000000000273e010 code [0x000000000273e1a0, 0x000000000273e758]
Event: 7.429 Thread 0x0000000016e91800 1168   !   4       java.net.URL::<init> (543 bytes)
Event: 7.432 Thread 0x0000000016e8f000 1169       4       java.lang.ClassLoader::checkName (43 bytes)
Event: 7.436 Thread 0x0000000016e8f000 nmethod 1169 0x000000000273fa50 code [0x000000000273fba0, 0x000000000273fdb8]
Event: 7.442 Thread 0x0000000016e8f000 1170       4       java.net.URLStreamHandler::setURL (40 bytes)
Event: 7.446 Thread 0x0000000016e8f000 nmethod 1170 0x0000000002743d10 code [0x0000000002743e60, 0x0000000002744178]
Event: 7.458 Thread 0x0000000016e98800 1171       3       java.net.URI$Parser::at (20 bytes)
Event: 7.458 Thread 0x0000000016e98800 nmethod 1171 0x00000000027434d0 code [0x0000000002743660, 0x0000000002743aa8]

GC Heap History (2 events):
Event: 1.648 GC heap before
{Heap before GC invocations=1 (full 0):
 PSYoungGen      total 38400K, used 33280K [0x00000000d5f00000, 0x00000000d8980000, 0x0000000100000000)
  eden space 33280K, 100% used [0x00000000d5f00000,0x00000000d7f80000,0x00000000d7f80000)
  from space 5120K, 0% used [0x00000000d8480000,0x00000000d8480000,0x00000000d8980000)
  to   space 5120K, 0% used [0x00000000d7f80000,0x00000000d7f80000,0x00000000d8480000)
 ParOldGen       total 87552K, used 0K [0x0000000081c00000, 0x0000000087180000, 0x00000000d5f00000)
  object space 87552K, 0% used [0x0000000081c00000,0x0000000081c00000,0x0000000087180000)
 Metaspace       used 13473K, capacity 13704K, committed 14080K, reserved 1060864K
  class space    used 1598K, capacity 1675K, committed 1792K, reserved 1048576K
Event: 1.656 GC heap after
Heap after GC invocations=1 (full 0):
 PSYoungGen      total 38400K, used 5094K [0x00000000d5f00000, 0x00000000d8980000, 0x0000000100000000)
  eden space 33280K, 0% used [0x00000000d5f00000,0x00000000d5f00000,0x00000000d7f80000)
  from space 5120K, 99% used [0x00000000d7f80000,0x00000000d8479ba0,0x00000000d8480000)
  to   space 5120K, 0% used [0x00000000d8480000,0x00000000d8480000,0x00000000d8980000)
 ParOldGen       total 87552K, used 935K [0x0000000081c00000, 0x0000000087180000, 0x00000000d5f00000)
  object space 87552K, 1% used [0x0000000081c00000,0x0000000081ce9c08,0x0000000087180000)
 Metaspace       used 13473K, capacity 13704K, committed 14080K, reserved 1060864K
  class space    used 1598K, capacity 1675K, committed 1792K, reserved 1048576K
}

Deoptimization events (9 events):
Event: 0.318 Thread 0x0000000002262800 Uncommon trap: reason=unstable_if action=reinterpret pc=0x00000000024d9fa4 method=java.lang.String.indexOf([CII[CIII)I @ 134
Event: 1.185 Thread 0x0000000002262800 Uncommon trap: reason=unstable_if action=reinterpret pc=0x00000000025490ac method=java.lang.AbstractStringBuilder.append(Ljava/lang/String;)Ljava/lang/AbstractStringBuilder; @ 1
Event: 1.186 Thread 0x0000000002262800 Uncommon trap: reason=unstable_if action=reinterpret pc=0x00000000025514f4 method=sun.misc.MetaIndex.mayContain(Ljava/lang/String;)Z @ 38
Event: 1.498 Thread 0x0000000002262800 Uncommon trap: reason=unstable_if action=reinterpret pc=0x00000000024b4b28 method=java.lang.String.startsWith(Ljava/lang/String;I)Z @ 25
Event: 1.578 Thread 0x0000000002262800 Uncommon trap: reason=unstable_if action=reinterpret pc=0x000000000264c454 method=java.lang.CharacterDataLatin1.digit(II)I @ 82
Event: 1.861 Thread 0x0000000002262800 Uncommon trap: reason=unstable_if action=reinterpret pc=0x00000000024eb604 method=java.lang.String.replace(CC)Ljava/lang/String; @ 2
Event: 2.929 Thread 0x00000000192d7800 Uncommon trap: reason=unstable_if action=reinterpret pc=0x00000000027361cc method=org.openqa.selenium.io.CircularOutputStream.write(I)V @ 9
Event: 3.212 Thread 0x00000000192d7800 Uncommon trap: reason=unstable_if action=reinterpret pc=0x00000000027394e4 method=org.openqa.selenium.io.CircularOutputStream.write(I)V @ 52
Event: 7.429 Thread 0x0000000002262800 Uncommon trap: reason=unstable_if action=reinterpret pc=0x0000000002695a5c method=java.util.regex.Pattern$BmpCharProperty.match(Ljava/util/regex/Matcher;ILjava/lang/CharSequence;)Z @ 34

Internal exceptions (10 events):
Event: 1.466 Thread 0x0000000002262800 Exception <a 'java/lang/NoClassDefFoundError': org/apache/log4j/Priority> (0x00000000d7922a88) thrown at [C:\workspace\8-2-build-windows-amd64-cygwin\jdk8u65\4987\hotspot\src\share\vm\classfile\systemDictionary.cpp, line 199]
Event: 1.560 Thread 0x0000000002262800 Exception <a 'java/lang/NoSuchFieldError': method resolution failed> (0x00000000d7b0f820) thrown at [C:\workspace\8-2-build-windows-amd64-cygwin\jdk8u65\4987\hotspot\src\share\vm\prims\methodHandles.cpp, line 1146]
Event: 1.562 Thread 0x0000000002262800 Exception <a 'java/lang/NoSuchFieldError': method resolution failed> (0x00000000d7b1d2b0) thrown at [C:\workspace\8-2-build-windows-amd64-cygwin\jdk8u65\4987\hotspot\src\share\vm\prims\methodHandles.cpp, line 1146]
Event: 2.892 Thread 0x0000000002262800 Exception <a 'java/net/ConnectException': Connection refused: connect> (0x00000000d67fac18) thrown at [C:\workspace\8-2-build-windows-amd64-cygwin\jdk8u65\4987\hotspot\src\share\vm\prims\jni.cpp, line 735]
Event: 3.994 Thread 0x0000000002262800 Exception <a 'java/net/ConnectException': Connection refused: connect> (0x00000000d67fc260) thrown at [C:\workspace\8-2-build-windows-amd64-cygwin\jdk8u65\4987\hotspot\src\share\vm\prims\jni.cpp, line 735]
Event: 5.097 Thread 0x0000000002262800 Exception <a 'java/net/ConnectException': Connection refused: connect> (0x00000000d67fd8a8) thrown at [C:\workspace\8-2-build-windows-amd64-cygwin\jdk8u65\4987\hotspot\src\share\vm\prims\jni.cpp, line 735]
Event: 6.200 Thread 0x0000000002262800 Exception <a 'java/net/ConnectException': Connection refused: connect> (0x00000000d67feef0) thrown at [C:\workspace\8-2-build-windows-amd64-cygwin\jdk8u65\4987\hotspot\src\share\vm\prims\jni.cpp, line 735]
Event: 7.425 Thread 0x0000000002262800 Exception <a 'java/lang/ArrayIndexOutOfBoundsException'> (0x00000000d6c8deb0) thrown at [C:\workspace\8-2-build-windows-amd64-cygwin\jdk8u65\4987\hotspot\src\share\vm\runtime\sharedRuntime.cpp, line 605]
Event: 7.425 Thread 0x0000000002262800 Exception <a 'java/lang/ArrayIndexOutOfBoundsException'> (0x00000000d6c8f820) thrown at [C:\workspace\8-2-build-windows-amd64-cygwin\jdk8u65\4987\hotspot\src\share\vm\runtime\sharedRuntime.cpp, line 605]
Event: 7.425 Thread 0x0000000002262800 Exception <a 'java/lang/ArrayIndexOutOfBoundsException'> (0x00000000d6c90c48) thrown at [C:\workspace\8-2-build-windows-amd64-cygwin\jdk8u65\4987\hotspot\src\share\vm\runtime\sharedRuntime.cpp, line 605]

Events (10 events):
Event: 7.455 loading class org/apache/http/protocol/HttpCoreContext
Event: 7.455 loading class org/apache/http/protocol/HttpCoreContext done
Event: 7.456 loading class java/util/concurrent/ConcurrentHashMap$KeyIterator
Event: 7.456 loading class java/util/concurrent/ConcurrentHashMap$KeyIterator done
Event: 7.456 loading class org/apache/http/auth/AuthState
Event: 7.456 loading class org/apache/http/auth/AuthState done
Event: 7.457 loading class org/apache/http/auth/AuthProtocolState
Event: 7.457 loading class org/apache/http/auth/AuthProtocolState done
Event: 7.458 loading class org/apache/http/impl/conn/SystemDefaultRoutePlanner$1
Event: 7.458 loading class org/apache/http/impl/conn/SystemDefaultRoutePlanner$1 done


Dynamic libraries:
0x00007ff6b6500000 - 0x00007ff6b6537000 	C:\Program Files\Java\jdk1.8.0_65\jre\bin\javaw.exe
0x00007ffa15120000 - 0x00007ffa152e1000 	C:\WINDOWS\SYSTEM32\ntdll.dll
0x00007ffa14fa0000 - 0x00007ffa1504d000 	C:\WINDOWS\system32\KERNEL32.DLL
0x00007ffa118b0000 - 0x00007ffa11a98000 	C:\WINDOWS\system32\KERNELBASE.dll
0x00007ffa12df0000 - 0x00007ffa12e97000 	C:\WINDOWS\system32\ADVAPI32.dll
0x00007ffa14de0000 - 0x00007ffa14e7d000 	C:\WINDOWS\system32\msvcrt.dll
0x00007ffa12d90000 - 0x00007ffa12deb000 	C:\WINDOWS\system32\sechost.dll
0x00007ffa12a20000 - 0x00007ffa12b3c000 	C:\WINDOWS\system32\RPCRT4.dll
0x00007ffa132f0000 - 0x00007ffa13446000 	C:\WINDOWS\system32\USER32.dll
0x00007ffa136f0000 - 0x00007ffa13876000 	C:\WINDOWS\system32\GDI32.dll
0x00007ffa06140000 - 0x00007ffa063b4000 	C:\WINDOWS\WinSxS\amd64_microsoft.windows.common-controls_6595b64144ccf1df_6.0.10586.0_none_8c15ae12515e1c22\COMCTL32.dll
0x00007ffa13450000 - 0x00007ffa136cd000 	C:\WINDOWS\system32\combase.dll
0x00007ffa124b0000 - 0x00007ffa1251a000 	C:\WINDOWS\system32\bcryptPrimitives.dll
0x00007ffa12d50000 - 0x00007ffa12d8b000 	C:\WINDOWS\system32\IMM32.DLL
0x000000005e0d0000 - 0x000000005e1a2000 	C:\Program Files\Java\jdk1.8.0_65\jre\bin\msvcr100.dll
0x000000005c280000 - 0x000000005cb09000 	C:\Program Files\Java\jdk1.8.0_65\jre\bin\server\jvm.dll
0x00007ffa13260000 - 0x00007ffa13268000 	C:\WINDOWS\system32\PSAPI.DLL
0x00007ffa0fe40000 - 0x00007ffa0fe63000 	C:\WINDOWS\SYSTEM32\WINMM.dll
0x00007ffa0df70000 - 0x00007ffa0df79000 	C:\WINDOWS\SYSTEM32\WSOCK32.dll
0x00007ffa150b0000 - 0x00007ffa1511b000 	C:\WINDOWS\system32\WS2_32.dll
0x00007ffa09420000 - 0x00007ffa0942a000 	C:\WINDOWS\SYSTEM32\VERSION.dll
0x00007ffa0fde0000 - 0x00007ffa0fe0c000 	C:\WINDOWS\SYSTEM32\WINMMBASE.dll
0x00007ffa12460000 - 0x00007ffa124a3000 	C:\WINDOWS\system32\cfgmgr32.dll
0x000000005e0c0000 - 0x000000005e0cf000 	C:\Program Files\Java\jdk1.8.0_65\jre\bin\verify.dll
0x000000005e090000 - 0x000000005e0b9000 	C:\Program Files\Java\jdk1.8.0_65\jre\bin\java.dll
0x000000005e070000 - 0x000000005e086000 	C:\Program Files\Java\jdk1.8.0_65\jre\bin\zip.dll
0x00007ffa13880000 - 0x00007ffa14ddc000 	C:\WINDOWS\system32\SHELL32.dll
0x00007ffa11b90000 - 0x00007ffa121d5000 	C:\WINDOWS\system32\windows.storage.dll
0x00007ffa14e90000 - 0x00007ffa14ee2000 	C:\WINDOWS\system32\shlwapi.dll
0x00007ffa117b0000 - 0x00007ffa117bf000 	C:\WINDOWS\system32\kernel.appcore.dll
0x00007ffa117f0000 - 0x00007ffa118a5000 	C:\WINDOWS\system32\shcore.dll
0x00007ffa11760000 - 0x00007ffa117ab000 	C:\WINDOWS\system32\powrprof.dll
0x00007ffa11740000 - 0x00007ffa11754000 	C:\WINDOWS\system32\profapi.dll
0x000000005e050000 - 0x000000005e06a000 	C:\Program Files\Java\jdk1.8.0_65\jre\bin\net.dll
0x00007ffa11070000 - 0x00007ffa110cc000 	C:\WINDOWS\system32\mswsock.dll
0x00007ffa101b0000 - 0x00007ffa1025a000 	C:\WINDOWS\SYSTEM32\DNSAPI.dll
0x00007ffa14e80000 - 0x00007ffa14e88000 	C:\WINDOWS\system32\NSI.dll
0x00007ffa04750000 - 0x00007ffa0475a000 	C:\Windows\System32\rasadhlp.dll
0x00007ffa065a0000 - 0x00007ffa06607000 	C:\WINDOWS\System32\fwpuclnt.dll
0x00007ffa11340000 - 0x00007ffa11369000 	C:\WINDOWS\SYSTEM32\bcrypt.dll
0x00007ffa11120000 - 0x00007ffa11137000 	C:\WINDOWS\SYSTEM32\CRYPTSP.dll
0x00007ffa10db0000 - 0x00007ffa10de4000 	C:\WINDOWS\system32\rsaenh.dll
0x00007ffa10f00000 - 0x00007ffa10f1f000 	C:\WINDOWS\SYSTEM32\USERENV.dll
0x00007ffa11240000 - 0x00007ffa1124b000 	C:\WINDOWS\SYSTEM32\CRYPTBASE.dll
0x00007ffa0e690000 - 0x00007ffa0e6c8000 	C:\WINDOWS\SYSTEM32\IPHLPAPI.DLL
0x00007ffa05f20000 - 0x00007ffa05f36000 	C:\WINDOWS\SYSTEM32\dhcpcsvc6.DLL
0x00007ffa05f00000 - 0x00007ffa05f1a000 	C:\WINDOWS\SYSTEM32\dhcpcsvc.DLL
0x000000005e030000 - 0x000000005e041000 	C:\Program Files\Java\jdk1.8.0_65\jre\bin\nio.dll
0x000000005e000000 - 0x000000005e024000 	C:\Program Files\Java\jdk1.8.0_65\jre\bin\sunec.dll

VM Arguments:
jvm_args: -ea -Dfile.encoding=Cp1252 
java_command: org.testng.remote.RemoteTestNG -serport 34229 -d C:\Users\asus\Documents\workspace\DropboxAutomation\test-output C:\Users\asus\AppData\Local\Temp\testng-eclipse--418111541\testng-customsuite.xml
java_class_path (initial): C:\Users\asus\Documents\workspace\DropboxAutomation\target\test-classes;C:\Users\asus\Documents\workspace\DropboxAutomation\target\classes;C:\Users\asus\.m2\repository\junit\junit\3.8.1\junit-3.8.1.jar;C:\Users\asus\.m2\repository\org\seleniumhq\selenium\selenium-java\2.53.0\selenium-java-2.53.0.jar;C:\Users\asus\.m2\repository\org\seleniumhq\selenium\selenium-chrome-driver\2.53.0\selenium-chrome-driver-2.53.0.jar;C:\Users\asus\.m2\repository\org\seleniumhq\selenium\selenium-remote-driver\2.53.0\selenium-remote-driver-2.53.0.jar;C:\Users\asus\.m2\repository\cglib\cglib-nodep\2.1_3\cglib-nodep-2.1_3.jar;C:\Users\asus\.m2\repository\com\google\code\gson\gson\2.3.1\gson-2.3.1.jar;C:\Users\asus\.m2\repository\org\seleniumhq\selenium\selenium-api\2.53.0\selenium-api-2.53.0.jar;C:\Users\asus\.m2\repository\org\apache\httpcomponents\httpclient\4.5.1\httpclient-4.5.1.jar;C:\Users\asus\.m2\repository\org\apache\httpcomponents\httpcore\4.4.3\httpcore-4.4.3.jar;C:\Users\asus\.m2\repository\commons-logging\commons-logging\1.2\commons-logging-1.2.jar;C:\Users\asus\.m2\repository\commons-codec\commons-codec\1.9\commons-codec-1.9.jar;C:\Users\asus\.m2\repository\com\google\guava\guava\19.0\guava-19.0.jar;C:\Users\asus\.m2\repository\org\seleniumhq\selenium\selenium-edge-driver\2.53.0\selenium-edge-driver-2.53.0.jar;C:\Users\asus\.m2\repository\commons-io\commons-io\2.4\commons-io-2.4.jar;C:\Users\asus\.m2\repository\org\apache\commons\commons-exec\1.3\commons-exec-1.3.jar;C:\Users\asus\.m2\repository\org\seleniumhq\selenium\selenium-firefox-driver\2.53.0\selenium-firefox-driver-2.53.0.jar;C:\Users\asus\.m2\repository\org\seleniumhq\selenium\selenium-ie-driver\2.53.0\selenium-ie-driver-2.53.0.jar;C:\Users\asus\.m2\repository\net\java\dev\jna\jna\4.1.0\jna-4.1.0.jar;C:\Users\asus\.m2\repository\net\java\dev\jna\jna-platform\4.1.0\jna-platform-4.1.0.jar;C:\Users\asus\.m2\repository\org\seleniumhq\selenium\selenium-safari-driver\2.53.0\selenium-safari-driv
Launcher Type: SUN_STANDARD

Environment Variables:
PATH=C:/Program Files/Java/jre1.8.0_66/bin/server;C:/Program Files/Java/jre1.8.0_66/bin;C:/Program Files/Java/jre1.8.0_66/lib/amd64;C:\ProgramData\Oracle\Java\javapath;C:\Program Files\Java\jdk1.8.0_65\bin;C:\Users\asus\Downloads\adt-bundle-windows-x86_64-20140702\sdk\tools;C:\Users\asus\Downloads\adt-bundle-windows-x86_64-20140702\sdk\platforms-tools;C:\WINDOWS\System32;C:\Program Files\Microsoft\Web Platform Installer\;C:\Program Files (x86)\Microsoft ASP.NET\ASP.NET Web Pages\v1.0\;C:\Program Files (x86)\Windows Kits\8.0\Windows Performance Toolkit\;C:\Program Files\Microsoft SQL Server\110\Tools\Binn\;C:\WINDOWS\system32;C:\WINDOWS;C:\WINDOWS\System32\Wbem;C:\WINDOWS\System32\WindowsPowerShell\v1.0\;C:\Program Files\Microsoft SQL Server\130\Tools\Binn\;C:\Program Files (x86)\Skype\Phone\;C:\Ruby22-x64\bin;C:\Users\asus\AppData\Roaming\npm;C:\Users\asus\AppData\Local\Programs\Python\Python35\Scripts;C:\Users\asus\AppData\Local\Programs\Python\Python35;C:\Users\asus\Downloads\eclipse;
USERNAME=asus
OS=Windows_NT
PROCESSOR_IDENTIFIER=Intel64 Family 6 Model 69 Stepping 1, GenuineIntel



---------------  S Y S T E M  ---------------

OS: Windows 10.0 , 64 bit Build 10586 (10.0.10586.0)

CPU:total 4 (2 cores per cpu, 2 threads per core) family 6 model 69 stepping 1, cmov, cx8, fxsr, mmx, sse, sse2, sse3, ssse3, sse4.1, sse4.2, popcnt, avx, avx2, aes, clmul, erms, lzcnt, ht, tsc, tscinvbit, bmi1, bmi2

Memory: 4k page, physical 8268976k(1735964k free), swap 10863472k(3580k free)

vm_info: Java HotSpot(TM) 64-Bit Server VM (25.65-b01) for windows-amd64 JRE (1.8.0_65-b17), built on Oct  6 2015 16:39:20 by "java_re" with MS VC++ 10.0 (VS2010)

time: Sat Apr 23 00:05:14 2016
elapsed time: 7 seconds (0d 0h 0m 7s)

